-------------------------------------------------------------------------------
Test set: com.hxm.chart.ChartApplicationTests
-------------------------------------------------------------------------------
Tests run: 1, Failures: 0, Errors: 1, Skipped: 0, Time elapsed: 0.401 s <<< FAILURE! - in com.hxm.chart.ChartApplicationTests
initializationError(com.hxm.chart.ChartApplicationTests)  Time elapsed: 0.005 s  <<< ERROR!
java.lang.IllegalStateException: Unable to find a @SpringBootConfiguration, you need to use @ContextConfiguration or @SpringBootTest(classes=...) with your test

