<?xml version="1.0" encoding="UTF-8"?>
<testsuite xmlns:xsi="http://www.w3.org/2001/XMLSchema-instance" xsi:noNamespaceSchemaLocation="https://maven.apache.org/surefire/maven-surefire-plugin/xsd/surefire-test-report.xsd" name="com.hxm.chart.ChartApplicationTests" time="0.401" tests="1" errors="1" skipped="0" failures="0">
  <properties>
[...]
</properties>
  <testcase name="initializationError" classname="com.hxm.chart.ChartApplicationTests" time="0.005">
    <error message="Unable to find a @SpringBootConfiguration, you need to use @ContextConfiguration or @SpringBootTest(classes=...) with your test" type="java.lang.IllegalStateException">java.lang.IllegalStateException: Unable to find a @SpringBootConfiguration, you need to use @ContextConfiguration or @SpringBootTest(classes=...) with your test
</error>
    <system-out><![CDATA[16:02:01.149 [main] DEBUG org.springframework.test.context.junit4.SpringJUnit4ClassRunner - SpringJUnit4ClassRunner constructor called with [class com.hxm.chart.ChartApplicationTests]
16:02:01.155 [main] DEBUG org.springframework.test.context.BootstrapUtils - Instantiating CacheAwareContextLoaderDelegate from class [org.springframework.test.context.cache.DefaultCacheAwareContextLoaderDelegate]
16:02:01.165 [main] DEBUG org.springframework.test.context.BootstrapUtils - Instantiating BootstrapContext using constructor [public org.springframework.test.context.support.DefaultBootstrapContext(java.lang.Class,org.springframework.test.context.CacheAwareContextLoaderDelegate)]
16:02:01.187 [main] DEBUG org.springframework.test.context.BootstrapUtils - Instantiating TestContextBootstrapper for test class [com.hxm.chart.ChartApplicationTests] from class [org.springframework.boot.test.context.SpringBootTestContextBootstrapper]
16:02:01.200 [main] INFO org.springframework.boot.test.context.SpringBootTestContextBootstrapper - Neither @ContextConfiguration nor @ContextHierarchy found for test class [com.hxm.chart.ChartApplicationTests], using SpringBootContextLoader
16:02:01.204 [main] DEBUG org.springframework.test.context.support.AbstractContextLoader - Did not detect default resource location for test class [com.hxm.chart.ChartApplicationTests]: class path resource [com/hxm/chart/ChartApplicationTests-context.xml] does not exist
16:02:01.205 [main] DEBUG org.springframework.test.context.support.AbstractContextLoader - Did not detect default resource location for test class [com.hxm.chart.ChartApplicationTests]: class path resource [com/hxm/chart/ChartApplicationTestsContext.groovy] does not exist
16:02:01.205 [main] INFO org.springframework.test.context.support.AbstractContextLoader - Could not detect default resource locations for test class [com.hxm.chart.ChartApplicationTests]: no resource found for suffixes {-context.xml, Context.groovy}.
16:02:01.206 [main] INFO org.springframework.test.context.support.AnnotationConfigContextLoaderUtils - Could not detect default configuration classes for test class [com.hxm.chart.ChartApplicationTests]: ChartApplicationTests does not declare any static, non-private, non-final, nested classes annotated with @Configuration.
16:02:01.243 [main] DEBUG org.springframework.test.context.support.ActiveProfilesUtils - Could not find an 'annotation declaring class' for annotation type [org.springframework.test.context.ActiveProfiles] and class [com.hxm.chart.ChartApplicationTests]
16:02:01.251 [main] DEBUG org.springframework.core.env.StandardEnvironment - Adding PropertySource 'systemProperties' with lowest search precedence
16:02:01.251 [main] DEBUG org.springframework.core.env.StandardEnvironment - Adding PropertySource 'systemEnvironment' with lowest search precedence
16:02:01.260 [main] DEBUG org.springframework.core.env.StandardEnvironment - Initialized StandardEnvironment with PropertySources [MapPropertySource@1048027629 {name='systemProperties', properties={java.runtime.name=Java(TM) SE Runtime Environment, sun.boot.library.path=D:\Program Files\Java\jdk1.8.0_171\jre\bin, java.vm.version=25.171-b11, java.vm.vendor=Oracle Corporation, java.vendor.url=http://java.oracle.com/, path.separator=;, java.vm.name=Java HotSpot(TM) 64-Bit Server VM, file.encoding.pkg=sun.io, user.country=CN, user.script=, sun.java.launcher=SUN_STANDARD, sun.os.patch.level=, java.vm.specification.name=Java Virtual Machine Specification, user.dir=D:\STSworkspace\chat-hxm, java.runtime.version=1.8.0_171-b11, basedir=D:\STSworkspace\chat-hxm, java.awt.graphicsenv=sun.awt.Win32GraphicsEnvironment, java.endorsed.dirs=D:\Program Files\Java\jdk1.8.0_171\jre\lib\endorsed, os.arch=amd64, surefire.real.class.path=C:\Users\ASUS\AppData\Local\Temp\surefire1729292512043052976\surefirebooter5271852233255470588.jar, java.io.tmpdir=C:\Users\ASUS\AppData\Local\Temp\, line.separator=
, java.vm.specification.vendor=Oracle Corporation, user.variant=, os.name=Windows 10, sun.jnu.encoding=GBK, java.library.path=D:\Program Files\Java\jdk1.8.0_171\jre\bin;C:\Windows\Sun\Java\bin;C:\Windows\system32;C:\Windows;D:/Program Files/Java/jre/bin/server;D:/Program Files/Java/jre/bin;D:/Program Files/Java/jre/lib/amd64;C:\Program Files (x86)\Common Files\Oracle\Java\javapath;C:\Program Files\NVIDIA GPU Computing Toolkit\CUDA\v9.1\bin;C:\Program Files\NVIDIA GPU Computing Toolkit\CUDA\v9.1\libnvvp;C:\Program Files\NVIDIA GPU Computing Toolkit\CUDA\v8.0\lib\x64;C:\Program Files\VanDyke Software\Clients\;C:\Windows\system32;C:\Windows;C:\Windows\System32\Wbem;C:\Windows\System32\WindowsPowerShell\v1.0\;C:\Program Files (x86)\NVIDIA Corporation\PhysX\Common;D:\Program Files\nodejs;C:\Program Files\Git\cmd;D:\Program Files\MySQL\mysql-5.7.18\bin;D:\Program Files\python 3.6.5\Scripts\;D:\Program Files\python 3.6.5\;D:\Program Files\python3.6.5\Scripts\;D:\Program Files\python3.6.5\;C:\Users\ASUS\AppData\Local\Microsoft\WindowsApps;D:\Program Files\STS;;., surefire.test.class.path=D:\STSworkspace\chat-hxm\target\test-classes;D:\STSworkspace\chat-hxm\target\classes;C:\Users\ASUS\.m2\repository\org\springframework\boot\spring-boot-starter-websocket\2.0.3.RELEASE\spring-boot-starter-websocket-2.0.3.RELEASE.jar;C:\Users\ASUS\.m2\repository\org\springframework\boot\spring-boot-starter\2.0.3.RELEASE\spring-boot-starter-2.0.3.RELEASE.jar;C:\Users\ASUS\.m2\repository\org\springframework\boot\spring-boot\2.0.3.RELEASE\spring-boot-2.0.3.RELEASE.jar;C:\Users\ASUS\.m2\repository\org\springframework\boot\spring-boot-autoconfigure\2.0.3.RELEASE\spring-boot-autoconfigure-2.0.3.RELEASE.jar;C:\Users\ASUS\.m2\repository\org\springframework\boot\spring-boot-starter-logging\2.0.3.RELEASE\spring-boot-starter-logging-2.0.3.RELEASE.jar;C:\Users\ASUS\.m2\repository\ch\qos\logback\logback-classic\1.2.3\logback-classic-1.2.3.jar;C:\Users\ASUS\.m2\repository\ch\qos\logback\logback-core\1.2.3\logback-core-1.2.3.jar;C:\Users\ASUS\.m2\repository\org\apache\logging\log4j\log4j-to-slf4j\2.10.0\log4j-to-slf4j-2.10.0.jar;C:\Users\ASUS\.m2\repository\org\apache\logging\log4j\log4j-api\2.10.0\log4j-api-2.10.0.jar;C:\Users\ASUS\.m2\repository\org\slf4j\jul-to-slf4j\1.7.25\jul-to-slf4j-1.7.25.jar;C:\Users\ASUS\.m2\repository\javax\annotation\javax.annotation-api\1.3.2\javax.annotation-api-1.3.2.jar;C:\Users\ASUS\.m2\repository\org\yaml\snakeyaml\1.19\snakeyaml-1.19.jar;C:\Users\ASUS\.m2\repository\org\springframework\boot\spring-boot-starter-web\2.0.3.RELEASE\spring-boot-starter-web-2.0.3.RELEASE.jar;C:\Users\ASUS\.m2\repository\org\springframework\boot\spring-boot-starter-json\2.0.3.RELEASE\spring-boot-starter-json-2.0.3.RELEASE.jar;C:\Users\ASUS\.m2\repository\com\fasterxml\jackson\core\jackson-databind\2.9.6\jackson-databind-2.9.6.jar;C:\Users\ASUS\.m2\repository\com\fasterxml\jackson\core\jackson-annotations\2.9.0\jackson-annotations-2.9.0.jar;C:\Users\ASUS\.m2\repository\com\fasterxml\jackson\core\jackson-core\2.9.6\jackson-core-2.9.6.jar;C:\Users\ASUS\.m2\repository\com\fasterxml\jackson\datatype\jackson-datatype-jdk8\2.9.6\jackson-datatype-jdk8-2.9.6.jar;C:\Users\ASUS\.m2\repository\com\fasterxml\jackson\datatype\jackson-datatype-jsr310\2.9.6\jackson-datatype-jsr310-2.9.6.jar;C:\Users\ASUS\.m2\repository\com\fasterxml\jackson\module\jackson-module-parameter-names\2.9.6\jackson-module-parameter-names-2.9.6.jar;C:\Users\ASUS\.m2\repository\org\springframework\boot\spring-boot-starter-tomcat\2.0.3.RELEASE\spring-boot-starter-tomcat-2.0.3.RELEASE.jar;C:\Users\ASUS\.m2\repository\org\apache\tomcat\embed\tomcat-embed-core\8.5.31\tomcat-embed-core-8.5.31.jar;C:\Users\ASUS\.m2\repository\org\apache\tomcat\embed\tomcat-embed-el\8.5.31\tomcat-embed-el-8.5.31.jar;C:\Users\ASUS\.m2\repository\org\apache\tomcat\embed\tomcat-embed-websocket\8.5.31\tomcat-embed-websocket-8.5.31.jar;C:\Users\ASUS\.m2\repository\org\hibernate\validator\hibernate-validator\6.0.10.Final\hibernate-validator-6.0.10.Final.jar;C:\Users\ASUS\.m2\repository\javax\validation\validation-api\2.0.1.Final\validation-api-2.0.1.Final.jar;C:\Users\ASUS\.m2\repository\org\jboss\logging\jboss-logging\3.3.2.Final\jboss-logging-3.3.2.Final.jar;C:\Users\ASUS\.m2\repository\com\fasterxml\classmate\1.3.4\classmate-1.3.4.jar;C:\Users\ASUS\.m2\repository\org\springframework\spring-web\5.0.7.RELEASE\spring-web-5.0.7.RELEASE.jar;C:\Users\ASUS\.m2\repository\org\springframework\spring-webmvc\5.0.7.RELEASE\spring-webmvc-5.0.7.RELEASE.jar;C:\Users\ASUS\.m2\repository\org\springframework\spring-messaging\5.0.7.RELEASE\spring-messaging-5.0.7.RELEASE.jar;C:\Users\ASUS\.m2\repository\org\springframework\spring-beans\5.0.7.RELEASE\spring-beans-5.0.7.RELEASE.jar;C:\Users\ASUS\.m2\repository\org\springframework\spring-websocket\5.0.7.RELEASE\spring-websocket-5.0.7.RELEASE.jar;C:\Users\ASUS\.m2\repository\org\springframework\spring-context\5.0.7.RELEASE\spring-context-5.0.7.RELEASE.jar;C:\Users\ASUS\.m2\repository\org\springframework\boot\spring-boot-starter-security\2.0.3.RELEASE\spring-boot-starter-security-2.0.3.RELEASE.jar;C:\Users\ASUS\.m2\repository\org\springframework\spring-aop\5.0.7.RELEASE\spring-aop-5.0.7.RELEASE.jar;C:\Users\ASUS\.m2\repository\org\springframework\security\spring-security-config\5.0.6.RELEASE\spring-security-config-5.0.6.RELEASE.jar;C:\Users\ASUS\.m2\repository\org\springframework\security\spring-security-web\5.0.6.RELEASE\spring-security-web-5.0.6.RELEASE.jar;C:\Users\ASUS\.m2\repository\org\springframework\spring-expression\5.0.7.RELEASE\spring-expression-5.0.7.RELEASE.jar;C:\Users\ASUS\.m2\repository\mysql\mysql-connector-java\5.1.46\mysql-connector-java-5.1.46.jar;C:\Users\ASUS\.m2\repository\org\mybatis\spring\boot\mybatis-spring-boot-starter\1.3.2\mybatis-spring-boot-starter-1.3.2.jar;C:\Users\ASUS\.m2\repository\org\springframework\boot\spring-boot-starter-jdbc\2.0.3.RELEASE\spring-boot-starter-jdbc-2.0.3.RELEASE.jar;C:\Users\ASUS\.m2\repository\com\zaxxer\HikariCP\2.7.9\HikariCP-2.7.9.jar;C:\Users\ASUS\.m2\repository\org\springframework\spring-jdbc\5.0.7.RELEASE\spring-jdbc-5.0.7.RELEASE.jar;C:\Users\ASUS\.m2\repository\org\springframework\spring-tx\5.0.7.RELEASE\spring-tx-5.0.7.RELEASE.jar;C:\Users\ASUS\.m2\repository\org\mybatis\spring\boot\mybatis-spring-boot-autoconfigure\1.3.2\mybatis-spring-boot-autoconfigure-1.3.2.jar;C:\Users\ASUS\.m2\repository\org\mybatis\mybatis\3.4.6\mybatis-3.4.6.jar;C:\Users\ASUS\.m2\repository\org\mybatis\mybatis-spring\1.3.2\mybatis-spring-1.3.2.jar;C:\Users\ASUS\.m2\repository\org\springframework\boot\spring-boot-starter-test\2.0.3.RELEASE\spring-boot-starter-test-2.0.3.RELEASE.jar;C:\Users\ASUS\.m2\repository\org\springframework\boot\spring-boot-test\2.0.3.RELEASE\spring-boot-test-2.0.3.RELEASE.jar;C:\Users\ASUS\.m2\repository\org\springframework\boot\spring-boot-test-autoconfigure\2.0.3.RELEASE\spring-boot-test-autoconfigure-2.0.3.RELEASE.jar;C:\Users\ASUS\.m2\repository\com\jayway\jsonpath\json-path\2.4.0\json-path-2.4.0.jar;C:\Users\ASUS\.m2\repository\net\minidev\json-smart\2.3\json-smart-2.3.jar;C:\Users\ASUS\.m2\repository\net\minidev\accessors-smart\1.2\accessors-smart-1.2.jar;C:\Users\ASUS\.m2\repository\org\ow2\asm\asm\5.0.4\asm-5.0.4.jar;C:\Users\ASUS\.m2\repository\org\slf4j\slf4j-api\1.7.25\slf4j-api-1.7.25.jar;C:\Users\ASUS\.m2\repository\junit\junit\4.12\junit-4.12.jar;C:\Users\ASUS\.m2\repository\org\assertj\assertj-core\3.9.1\assertj-core-3.9.1.jar;C:\Users\ASUS\.m2\repository\org\mockito\mockito-core\2.15.0\mockito-core-2.15.0.jar;C:\Users\ASUS\.m2\repository\net\bytebuddy\byte-buddy\1.7.11\byte-buddy-1.7.11.jar;C:\Users\ASUS\.m2\repository\net\bytebuddy\byte-buddy-agent\1.7.11\byte-buddy-agent-1.7.11.jar;C:\Users\ASUS\.m2\repository\org\objenesis\objenesis\2.6\objenesis-2.6.jar;C:\Users\ASUS\.m2\repository\org\hamcrest\hamcrest-core\1.3\hamcrest-core-1.3.jar;C:\Users\ASUS\.m2\repository\org\hamcrest\hamcrest-library\1.3\hamcrest-library-1.3.jar;C:\Users\ASUS\.m2\repository\org\skyscreamer\jsonassert\1.5.0\jsonassert-1.5.0.jar;C:\Users\ASUS\.m2\repository\com\vaadin\external\google\android-json\0.0.20131108.vaadin1\android-json-0.0.20131108.vaadin1.jar;C:\Users\ASUS\.m2\repository\org\springframework\spring-core\5.0.7.RELEASE\spring-core-5.0.7.RELEASE.jar;C:\Users\ASUS\.m2\repository\org\springframework\spring-jcl\5.0.7.RELEASE\spring-jcl-5.0.7.RELEASE.jar;C:\Users\ASUS\.m2\repository\org\springframework\spring-test\5.0.7.RELEASE\spring-test-5.0.7.RELEASE.jar;C:\Users\ASUS\.m2\repository\org\xmlunit\xmlunit-core\2.5.1\xmlunit-core-2.5.1.jar;C:\Users\ASUS\.m2\repository\org\springframework\security\spring-security-test\5.0.6.RELEASE\spring-security-test-5.0.6.RELEASE.jar;C:\Users\ASUS\.m2\repository\org\springframework\security\spring-security-core\5.0.6.RELEASE\spring-security-core-5.0.6.RELEASE.jar;, java.specification.name=Java Platform API Specification, java.class.version=52.0, sun.management.compiler=HotSpot 64-Bit Tiered Compilers, os.version=10.0, user.home=C:\Users\ASUS, user.timezone=Asia/Shanghai, java.awt.printerjob=sun.awt.windows.WPrinterJob, file.encoding=GBK, java.specification.version=1.8, java.class.path=D:\STSworkspace\chat-hxm\target\test-classes;D:\STSworkspace\chat-hxm\target\classes;C:\Users\ASUS\.m2\repository\org\springframework\boot\spring-boot-starter-websocket\2.0.3.RELEASE\spring-boot-starter-websocket-2.0.3.RELEASE.jar;C:\Users\ASUS\.m2\repository\org\springframework\boot\spring-boot-starter\2.0.3.RELEASE\spring-boot-starter-2.0.3.RELEASE.jar;C:\Users\ASUS\.m2\repository\org\springframework\boot\spring-boot\2.0.3.RELEASE\spring-boot-2.0.3.RELEASE.jar;C:\Users\ASUS\.m2\repository\org\springframework\boot\spring-boot-autoconfigure\2.0.3.RELEASE\spring-boot-autoconfigure-2.0.3.RELEASE.jar;C:\Users\ASUS\.m2\repository\org\springframework\boot\spring-boot-starter-logging\2.0.3.RELEASE\spring-boot-starter-logging-2.0.3.RELEASE.jar;C:\Users\ASUS\.m2\repository\ch\qos\logback\logback-classic\1.2.3\logback-classic-1.2.3.jar;C:\Users\ASUS\.m2\repository\ch\qos\logback\logback-core\1.2.3\logback-core-1.2.3.jar;C:\Users\ASUS\.m2\repository\org\apache\logging\log4j\log4j-to-slf4j\2.10.0\log4j-to-slf4j-2.10.0.jar;C:\Users\ASUS\.m2\repository\org\apache\logging\log4j\log4j-api\2.10.0\log4j-api-2.10.0.jar;C:\Users\ASUS\.m2\repository\org\slf4j\jul-to-slf4j\1.7.25\jul-to-slf4j-1.7.25.jar;C:\Users\ASUS\.m2\repository\javax\annotation\javax.annotation-api\1.3.2\javax.annotation-api-1.3.2.jar;C:\Users\ASUS\.m2\repository\org\yaml\snakeyaml\1.19\snakeyaml-1.19.jar;C:\Users\ASUS\.m2\repository\org\springframework\boot\spring-boot-starter-web\2.0.3.RELEASE\spring-boot-starter-web-2.0.3.RELEASE.jar;C:\Users\ASUS\.m2\repository\org\springframework\boot\spring-boot-starter-json\2.0.3.RELEASE\spring-boot-starter-json-2.0.3.RELEASE.jar;C:\Users\ASUS\.m2\repository\com\fasterxml\jackson\core\jackson-databind\2.9.6\jackson-databind-2.9.6.jar;C:\Users\ASUS\.m2\repository\com\fasterxml\jackson\core\jackson-annotations\2.9.0\jackson-annotations-2.9.0.jar;C:\Users\ASUS\.m2\repository\com\fasterxml\jackson\core\jackson-core\2.9.6\jackson-core-2.9.6.jar;C:\Users\ASUS\.m2\repository\com\fasterxml\jackson\datatype\jackson-datatype-jdk8\2.9.6\jackson-datatype-jdk8-2.9.6.jar;C:\Users\ASUS\.m2\repository\com\fasterxml\jackson\datatype\jackson-datatype-jsr310\2.9.6\jackson-datatype-jsr310-2.9.6.jar;C:\Users\ASUS\.m2\repository\com\fasterxml\jackson\module\jackson-module-parameter-names\2.9.6\jackson-module-parameter-names-2.9.6.jar;C:\Users\ASUS\.m2\repository\org\springframework\boot\spring-boot-starter-tomcat\2.0.3.RELEASE\spring-boot-starter-tomcat-2.0.3.RELEASE.jar;C:\Users\ASUS\.m2\repository\org\apache\tomcat\embed\tomcat-embed-core\8.5.31\tomcat-embed-core-8.5.31.jar;C:\Users\ASUS\.m2\repository\org\apache\tomcat\embed\tomcat-embed-el\8.5.31\tomcat-embed-el-8.5.31.jar;C:\Users\ASUS\.m2\repository\org\apache\tomcat\embed\tomcat-embed-websocket\8.5.31\tomcat-embed-websocket-8.5.31.jar;C:\Users\ASUS\.m2\repository\org\hibernate\validator\hibernate-validator\6.0.10.Final\hibernate-validator-6.0.10.Final.jar;C:\Users\ASUS\.m2\repository\javax\validation\validation-api\2.0.1.Final\validation-api-2.0.1.Final.jar;C:\Users\ASUS\.m2\repository\org\jboss\logging\jboss-logging\3.3.2.Final\jboss-logging-3.3.2.Final.jar;C:\Users\ASUS\.m2\repository\com\fasterxml\classmate\1.3.4\classmate-1.3.4.jar;C:\Users\ASUS\.m2\repository\org\springframework\spring-web\5.0.7.RELEASE\spring-web-5.0.7.RELEASE.jar;C:\Users\ASUS\.m2\repository\org\springframework\spring-webmvc\5.0.7.RELEASE\spring-webmvc-5.0.7.RELEASE.jar;C:\Users\ASUS\.m2\repository\org\springframework\spring-messaging\5.0.7.RELEASE\spring-messaging-5.0.7.RELEASE.jar;C:\Users\ASUS\.m2\repository\org\springframework\spring-beans\5.0.7.RELEASE\spring-beans-5.0.7.RELEASE.jar;C:\Users\ASUS\.m2\repository\org\springframework\spring-websocket\5.0.7.RELEASE\spring-websocket-5.0.7.RELEASE.jar;C:\Users\ASUS\.m2\repository\org\springframework\spring-context\5.0.7.RELEASE\spring-context-5.0.7.RELEASE.jar;C:\Users\ASUS\.m2\repository\org\springframework\boot\spring-boot-starter-security\2.0.3.RELEASE\spring-boot-starter-security-2.0.3.RELEASE.jar;C:\Users\ASUS\.m2\repository\org\springframework\spring-aop\5.0.7.RELEASE\spring-aop-5.0.7.RELEASE.jar;C:\Users\ASUS\.m2\repository\org\springframework\security\spring-security-config\5.0.6.RELEASE\spring-security-config-5.0.6.RELEASE.jar;C:\Users\ASUS\.m2\repository\org\springframework\security\spring-security-web\5.0.6.RELEASE\spring-security-web-5.0.6.RELEASE.jar;C:\Users\ASUS\.m2\repository\org\springframework\spring-expression\5.0.7.RELEASE\spring-expression-5.0.7.RELEASE.jar;C:\Users\ASUS\.m2\repository\mysql\mysql-connector-java\5.1.46\mysql-connector-java-5.1.46.jar;C:\Users\ASUS\.m2\repository\org\mybatis\spring\boot\mybatis-spring-boot-starter\1.3.2\mybatis-spring-boot-starter-1.3.2.jar;C:\Users\ASUS\.m2\repository\org\springframework\boot\spring-boot-starter-jdbc\2.0.3.RELEASE\spring-boot-starter-jdbc-2.0.3.RELEASE.jar;C:\Users\ASUS\.m2\repository\com\zaxxer\HikariCP\2.7.9\HikariCP-2.7.9.jar;C:\Users\ASUS\.m2\repository\org\springframework\spring-jdbc\5.0.7.RELEASE\spring-jdbc-5.0.7.RELEASE.jar;C:\Users\ASUS\.m2\repository\org\springframework\spring-tx\5.0.7.RELEASE\spring-tx-5.0.7.RELEASE.jar;C:\Users\ASUS\.m2\repository\org\mybatis\spring\boot\mybatis-spring-boot-autoconfigure\1.3.2\mybatis-spring-boot-autoconfigure-1.3.2.jar;C:\Users\ASUS\.m2\repository\org\mybatis\mybatis\3.4.6\mybatis-3.4.6.jar;C:\Users\ASUS\.m2\repository\org\mybatis\mybatis-spring\1.3.2\mybatis-spring-1.3.2.jar;C:\Users\ASUS\.m2\repository\org\springframework\boot\spring-boot-starter-test\2.0.3.RELEASE\spring-boot-starter-test-2.0.3.RELEASE.jar;C:\Users\ASUS\.m2\repository\org\springframework\boot\spring-boot-test\2.0.3.RELEASE\spring-boot-test-2.0.3.RELEASE.jar;C:\Users\ASUS\.m2\repository\org\springframework\boot\spring-boot-test-autoconfigure\2.0.3.RELEASE\spring-boot-test-autoconfigure-2.0.3.RELEASE.jar;C:\Users\ASUS\.m2\repository\com\jayway\jsonpath\json-path\2.4.0\json-path-2.4.0.jar;C:\Users\ASUS\.m2\repository\net\minidev\json-smart\2.3\json-smart-2.3.jar;C:\Users\ASUS\.m2\repository\net\minidev\accessors-smart\1.2\accessors-smart-1.2.jar;C:\Users\ASUS\.m2\repository\org\ow2\asm\asm\5.0.4\asm-5.0.4.jar;C:\Users\ASUS\.m2\repository\org\slf4j\slf4j-api\1.7.25\slf4j-api-1.7.25.jar;C:\Users\ASUS\.m2\repository\junit\junit\4.12\junit-4.12.jar;C:\Users\ASUS\.m2\repository\org\assertj\assertj-core\3.9.1\assertj-core-3.9.1.jar;C:\Users\ASUS\.m2\repository\org\mockito\mockito-core\2.15.0\mockito-core-2.15.0.jar;C:\Users\ASUS\.m2\repository\net\bytebuddy\byte-buddy\1.7.11\byte-buddy-1.7.11.jar;C:\Users\ASUS\.m2\repository\net\bytebuddy\byte-buddy-agent\1.7.11\byte-buddy-agent-1.7.11.jar;C:\Users\ASUS\.m2\repository\org\objenesis\objenesis\2.6\objenesis-2.6.jar;C:\Users\ASUS\.m2\repository\org\hamcrest\hamcrest-core\1.3\hamcrest-core-1.3.jar;C:\Users\ASUS\.m2\repository\org\hamcrest\hamcrest-library\1.3\hamcrest-library-1.3.jar;C:\Users\ASUS\.m2\repository\org\skyscreamer\jsonassert\1.5.0\jsonassert-1.5.0.jar;C:\Users\ASUS\.m2\repository\com\vaadin\external\google\android-json\0.0.20131108.vaadin1\android-json-0.0.20131108.vaadin1.jar;C:\Users\ASUS\.m2\repository\org\springframework\spring-core\5.0.7.RELEASE\spring-core-5.0.7.RELEASE.jar;C:\Users\ASUS\.m2\repository\org\springframework\spring-jcl\5.0.7.RELEASE\spring-jcl-5.0.7.RELEASE.jar;C:\Users\ASUS\.m2\repository\org\springframework\spring-test\5.0.7.RELEASE\spring-test-5.0.7.RELEASE.jar;C:\Users\ASUS\.m2\repository\org\xmlunit\xmlunit-core\2.5.1\xmlunit-core-2.5.1.jar;C:\Users\ASUS\.m2\repository\org\springframework\security\spring-security-test\5.0.6.RELEASE\spring-security-test-5.0.6.RELEASE.jar;C:\Users\ASUS\.m2\repository\org\springframework\security\spring-security-core\5.0.6.RELEASE\spring-security-core-5.0.6.RELEASE.jar;, user.name=ASUS, java.vm.specification.version=1.8, sun.java.command=C:\Users\ASUS\AppData\Local\Temp\surefire1729292512043052976\surefirebooter5271852233255470588.jar C:\Users\ASUS\AppData\Local\Temp\surefire1729292512043052976 2018-08-03T16-01-59_896-jvmRun1 surefire4037980656474045312tmp surefire_03333822093842166126tmp, java.home=D:\Program Files\Java\jdk1.8.0_171\jre, sun.arch.data.model=64, user.language=zh, java.specification.vendor=Oracle Corporation, awt.toolkit=sun.awt.windows.WToolkit, java.vm.info=mixed mode, java.version=1.8.0_171, java.ext.dirs=D:\Program Files\Java\jdk1.8.0_171\jre\lib\ext;C:\Windows\Sun\Java\lib\ext, sun.boot.class.path=D:\Program Files\Java\jdk1.8.0_171\jre\lib\resources.jar;D:\Program Files\Java\jdk1.8.0_171\jre\lib\rt.jar;D:\Program Files\Java\jdk1.8.0_171\jre\lib\sunrsasign.jar;D:\Program Files\Java\jdk1.8.0_171\jre\lib\jsse.jar;D:\Program Files\Java\jdk1.8.0_171\jre\lib\jce.jar;D:\Program Files\Java\jdk1.8.0_171\jre\lib\charsets.jar;D:\Program Files\Java\jdk1.8.0_171\jre\lib\jfr.jar;D:\Program Files\Java\jdk1.8.0_171\jre\classes, java.vendor=Oracle Corporation, localRepository=C:\Users\ASUS\.m2\repository, file.separator=\, java.vendor.url.bug=http://bugreport.sun.com/bugreport/, sun.io.unicode.encoding=UnicodeLittle, sun.cpu.endian=little, sun.desktop=windows, sun.cpu.isalist=amd64}}, SystemEnvironmentPropertySource@1073533248 {name='systemEnvironment', properties={PATH=D:/Program Files/Java/jre/bin/server;D:/Program Files/Java/jre/bin;D:/Program Files/Java/jre/lib/amd64;C:\Program Files (x86)\Common Files\Oracle\Java\javapath;C:\Program Files\NVIDIA GPU Computing Toolkit\CUDA\v9.1\bin;C:\Program Files\NVIDIA GPU Computing Toolkit\CUDA\v9.1\libnvvp;C:\Program Files\NVIDIA GPU Computing Toolkit\CUDA\v8.0\lib\x64;C:\Program Files\VanDyke Software\Clients\;C:\Windows\system32;C:\Windows;C:\Windows\System32\Wbem;C:\Windows\System32\WindowsPowerShell\v1.0\;C:\Program Files (x86)\NVIDIA Corporation\PhysX\Common;D:\Program Files\nodejs;C:\Program Files\Git\cmd;D:\Program Files\MySQL\mysql-5.7.18\bin;D:\Program Files\python 3.6.5\Scripts\;D:\Program Files\python 3.6.5\;D:\Program Files\python3.6.5\Scripts\;D:\Program Files\python3.6.5\;C:\Users\ASUS\AppData\Local\Microsoft\WindowsApps;D:\Program Files\STS;, USERDOMAIN_ROAMINGPROFILE=HXM-PC, PROCESSOR_LEVEL=6, SYSTEMDRIVE=C:, SESSIONNAME=Console, ALLUSERSPROFILE=C:\ProgramData, PROCESSOR_ARCHITECTURE=AMD64, PROGRAMFILES=C:\Program Files, MOZ_PLUGIN_PATH=D:\Program Files (x86)\Foxit Software\Foxit Reader\plugins\, PSMODULEPATH=C:\Program Files\WindowsPowerShell\Modules;C:\Windows\system32\WindowsPowerShell\v1.0\Modules, PROGRAMDATA=C:\ProgramData, #ENVTSLOGSHELLEXT8120=121500480, USERNAME=ASUS, FPS_BROWSER_USER_PROFILE_STRING=Default, ONEDRIVE=C:\Users\ASUS\OneDrive, PATHEXT=.COM;.EXE;.BAT;.CMD;.VBS;.VBE;.JS;.JSE;.WSF;.WSH;.MSC, WINDIR=C:\Windows, HOMEPATH=\Users\ASUS, NVCUDASAMPLES9_1_ROOT=C:\ProgramData\NVIDIA Corporation\CUDA Samples\v9.1, MYSQL_HOME=D:\Program Files\MySQL\mysql-5.7.18, PROCESSOR_IDENTIFIER=Intel64 Family 6 Model 158 Stepping 9, GenuineIntel, PUBLIC=C:\Users\Public, =::=::\, LOCALAPPDATA=C:\Users\ASUS\AppData\Local, COMMONPROGRAMFILES(X86)=C:\Program Files (x86)\Common Files, USERDOMAIN=HXM-PC, FPS_BROWSER_APP_PROFILE_STRING=Internet Explorer, LOGONSERVER=\\HXM-PC, PROMPT=$P$G, PROGRAMFILES(X86)=C:\Program Files (x86), =C:=C:\, APPDATA=C:\Users\ASUS\AppData\Roaming, PROGRAMW6432=C:\Program Files, SYSTEMROOT=C:\Windows, NVTOOLSEXT_PATH=C:\Program Files\NVIDIA Corporation\NvToolsExt\, OS=Windows_NT, COMMONPROGRAMW6432=C:\Program Files\Common Files, COMPUTERNAME=HXM-PC, COMMONPROGRAMFILES=C:\Program Files\Common Files, COMSPEC=C:\Windows\system32\cmd.exe, NVCUDASAMPLES_ROOT=C:\ProgramData\NVIDIA Corporation\CUDA Samples\v9.1, CUDA_PATH=C:\Program Files\NVIDIA GPU Computing Toolkit\CUDA\v9.1, PROCESSOR_REVISION=9e09, =D:=D:\STSworkspace\chat-hxm, TEMP=C:\Users\ASUS\AppData\Local\Temp, HOMEDRIVE=C:, USERPROFILE=C:\Users\ASUS, CUDA_PATH_V9_1=C:\Program Files\NVIDIA GPU Computing Toolkit\CUDA\v9.1, TMP=C:\Users\ASUS\AppData\Local\Temp, NUMBER_OF_PROCESSORS=4}}]
16:02:01.276 [main] DEBUG org.springframework.core.io.support.PathMatchingResourcePatternResolver - Resolved classpath location [com/hxm/chart/] to resources [URL [file:/D:/STSworkspace/chat-hxm/target/test-classes/com/hxm/chart/]]
16:02:01.277 [main] DEBUG org.springframework.core.io.support.PathMatchingResourcePatternResolver - Looking for matching resources in directory tree [D:\STSworkspace\chat-hxm\target\test-classes\com\hxm\chart]
16:02:01.277 [main] DEBUG org.springframework.core.io.support.PathMatchingResourcePatternResolver - Searching directory [D:\STSworkspace\chat-hxm\target\test-classes\com\hxm\chart] for files matching pattern [D:/STSworkspace/chat-hxm/target/test-classes/com/hxm/chart/*.class]
16:02:01.280 [main] DEBUG org.springframework.core.io.support.PathMatchingResourcePatternResolver - Resolved location pattern [classpath*:com/hxm/chart/*.class] to resources [file [D:\STSworkspace\chat-hxm\target\test-classes\com\hxm\chart\ChartApplicationTests.class]]
16:02:01.306 [main] DEBUG org.springframework.core.io.support.PathMatchingResourcePatternResolver - Resolved classpath location [com/hxm/] to resources [URL [file:/D:/STSworkspace/chat-hxm/target/test-classes/com/hxm/], URL [file:/D:/STSworkspace/chat-hxm/target/classes/com/hxm/]]
16:02:01.306 [main] DEBUG org.springframework.core.io.support.PathMatchingResourcePatternResolver - Looking for matching resources in directory tree [D:\STSworkspace\chat-hxm\target\test-classes\com\hxm]
16:02:01.306 [main] DEBUG org.springframework.core.io.support.PathMatchingResourcePatternResolver - Searching directory [D:\STSworkspace\chat-hxm\target\test-classes\com\hxm] for files matching pattern [D:/STSworkspace/chat-hxm/target/test-classes/com/hxm/*.class]
16:02:01.306 [main] DEBUG org.springframework.core.io.support.PathMatchingResourcePatternResolver - Looking for matching resources in directory tree [D:\STSworkspace\chat-hxm\target\classes\com\hxm]
16:02:01.307 [main] DEBUG org.springframework.core.io.support.PathMatchingResourcePatternResolver - Searching directory [D:\STSworkspace\chat-hxm\target\classes\com\hxm] for files matching pattern [D:/STSworkspace/chat-hxm/target/classes/com/hxm/*.class]
16:02:01.307 [main] DEBUG org.springframework.core.io.support.PathMatchingResourcePatternResolver - Resolved location pattern [classpath*:com/hxm/*.class] to resources []
16:02:01.308 [main] DEBUG org.springframework.core.io.support.PathMatchingResourcePatternResolver - Resolved classpath location [com/] to resources [URL [file:/D:/STSworkspace/chat-hxm/target/test-classes/com/], URL [file:/D:/STSworkspace/chat-hxm/target/classes/com/], URL [jar:file:/C:/Users/ASUS/.m2/repository/com/fasterxml/jackson/core/jackson-databind/2.9.6/jackson-databind-2.9.6.jar!/com/], URL [jar:file:/C:/Users/ASUS/.m2/repository/com/fasterxml/jackson/core/jackson-annotations/2.9.0/jackson-annotations-2.9.0.jar!/com/], URL [jar:file:/C:/Users/ASUS/.m2/repository/com/fasterxml/jackson/core/jackson-core/2.9.6/jackson-core-2.9.6.jar!/com/], URL [jar:file:/C:/Users/ASUS/.m2/repository/com/fasterxml/jackson/datatype/jackson-datatype-jdk8/2.9.6/jackson-datatype-jdk8-2.9.6.jar!/com/], URL [jar:file:/C:/Users/ASUS/.m2/repository/com/fasterxml/jackson/datatype/jackson-datatype-jsr310/2.9.6/jackson-datatype-jsr310-2.9.6.jar!/com/], URL [jar:file:/C:/Users/ASUS/.m2/repository/com/fasterxml/jackson/module/jackson-module-parameter-names/2.9.6/jackson-module-parameter-names-2.9.6.jar!/com/], URL [jar:file:/C:/Users/ASUS/.m2/repository/com/fasterxml/classmate/1.3.4/classmate-1.3.4.jar!/com/], URL [jar:file:/C:/Users/ASUS/.m2/repository/mysql/mysql-connector-java/5.1.46/mysql-connector-java-5.1.46.jar!/com/], URL [jar:file:/C:/Users/ASUS/.m2/repository/com/zaxxer/HikariCP/2.7.9/HikariCP-2.7.9.jar!/com/], URL [jar:file:/C:/Users/ASUS/.m2/repository/com/jayway/jsonpath/json-path/2.4.0/json-path-2.4.0.jar!/com/]]
16:02:01.309 [main] DEBUG org.springframework.core.io.support.PathMatchingResourcePatternResolver - Looking for matching resources in directory tree [D:\STSworkspace\chat-hxm\target\test-classes\com]
16:02:01.309 [main] DEBUG org.springframework.core.io.support.PathMatchingResourcePatternResolver - Searching directory [D:\STSworkspace\chat-hxm\target\test-classes\com] for files matching pattern [D:/STSworkspace/chat-hxm/target/test-classes/com/*.class]
16:02:01.309 [main] DEBUG org.springframework.core.io.support.PathMatchingResourcePatternResolver - Looking for matching resources in directory tree [D:\STSworkspace\chat-hxm\target\classes\com]
16:02:01.310 [main] DEBUG org.springframework.core.io.support.PathMatchingResourcePatternResolver - Searching directory [D:\STSworkspace\chat-hxm\target\classes\com] for files matching pattern [D:/STSworkspace/chat-hxm/target/classes/com/*.class]
16:02:01.310 [main] DEBUG org.springframework.core.io.support.PathMatchingResourcePatternResolver - Looking for matching resources in jar file [file:/C:/Users/ASUS/.m2/repository/com/fasterxml/jackson/core/jackson-databind/2.9.6/jackson-databind-2.9.6.jar]
16:02:01.316 [main] DEBUG org.springframework.core.io.support.PathMatchingResourcePatternResolver - Looking for matching resources in jar file [file:/C:/Users/ASUS/.m2/repository/com/fasterxml/jackson/core/jackson-annotations/2.9.0/jackson-annotations-2.9.0.jar]
16:02:01.317 [main] DEBUG org.springframework.core.io.support.PathMatchingResourcePatternResolver - Looking for matching resources in jar file [file:/C:/Users/ASUS/.m2/repository/com/fasterxml/jackson/core/jackson-core/2.9.6/jackson-core-2.9.6.jar]
16:02:01.320 [main] DEBUG org.springframework.core.io.support.PathMatchingResourcePatternResolver - Looking for matching resources in jar file [file:/C:/Users/ASUS/.m2/repository/com/fasterxml/jackson/datatype/jackson-datatype-jdk8/2.9.6/jackson-datatype-jdk8-2.9.6.jar]
16:02:01.320 [main] DEBUG org.springframework.core.io.support.PathMatchingResourcePatternResolver - Looking for matching resources in jar file [file:/C:/Users/ASUS/.m2/repository/com/fasterxml/jackson/datatype/jackson-datatype-jsr310/2.9.6/jackson-datatype-jsr310-2.9.6.jar]
16:02:01.322 [main] DEBUG org.springframework.core.io.support.PathMatchingResourcePatternResolver - Looking for matching resources in jar file [file:/C:/Users/ASUS/.m2/repository/com/fasterxml/jackson/module/jackson-module-parameter-names/2.9.6/jackson-module-parameter-names-2.9.6.jar]
16:02:01.322 [main] DEBUG org.springframework.core.io.support.PathMatchingResourcePatternResolver - Looking for matching resources in jar file [file:/C:/Users/ASUS/.m2/repository/com/fasterxml/classmate/1.3.4/classmate-1.3.4.jar]
16:02:01.323 [main] DEBUG org.springframework.core.io.support.PathMatchingResourcePatternResolver - Looking for matching resources in jar file [file:/C:/Users/ASUS/.m2/repository/mysql/mysql-connector-java/5.1.46/mysql-connector-java-5.1.46.jar]
16:02:01.324 [main] DEBUG org.springframework.core.io.support.PathMatchingResourcePatternResolver - Looking for matching resources in jar file [file:/C:/Users/ASUS/.m2/repository/com/zaxxer/HikariCP/2.7.9/HikariCP-2.7.9.jar]
16:02:01.324 [main] DEBUG org.springframework.core.io.support.PathMatchingResourcePatternResolver - Looking for matching resources in jar file [file:/C:/Users/ASUS/.m2/repository/com/jayway/jsonpath/json-path/2.4.0/json-path-2.4.0.jar]
16:02:01.325 [main] DEBUG org.springframework.core.io.support.PathMatchingResourcePatternResolver - Resolved location pattern [classpath*:com/*.class] to resources []
]]></system-out>
  </testcase>
</testsuite>